<?xml version="1.0" encoding="UTF-8"?>
<!-- Generated by org.testng.reporters.JUnitReportReporter -->
<testsuite hostname="IslamAminPc" failures="0" tests="1" name="TestCases.TC05_CheckoutOverview" time="1.586" errors="0" timestamp="2024-07-23T00:16:23 EEST" skipped="0">
  <testcase classname="TestCases.TC05_CheckoutOverview" name="CheckClickFinishbtn" time="1.586"/>
</testsuite> <!-- TestCases.TC05_CheckoutOverview -->
