<?xml version="1.0" encoding="UTF-8"?>
<!-- Generated by org.testng.reporters.JUnitReportReporter -->
<testsuite hostname="IslamAminPc" failures="0" tests="1" name="TestCases.TC03_Checkout" time="1.202" errors="0" timestamp="2024-07-23T00:16:23 EEST" skipped="0">
  <testcase classname="TestCases.TC03_Checkout" name="ClickCheckoutButton" time="1.202"/>
</testsuite> <!-- TestCases.TC03_Checkout -->
