<?xml version="1.0" encoding="UTF-8"?>
<!-- Generated by org.testng.reporters.JUnitReportReporter -->
<testsuite hostname="IslamAminPc" failures="0" tests="3" name="TestCases.TC02_AddAndRemoveRandomProducts" time="13.567" errors="0" timestamp="2024-07-23T00:16:23 EEST" skipped="0">
  <testcase classname="TestCases.TC02_AddAndRemoveRandomProducts" name="AddRandomProducts" time="9.676"/>
  <testcase classname="TestCases.TC02_AddAndRemoveRandomProducts" name="RemoveRandomProducts" time="1.832"/>
  <testcase classname="TestCases.TC02_AddAndRemoveRandomProducts" name="ClickCartButton" time="2.059"/>
</testsuite> <!-- TestCases.TC02_AddAndRemoveRandomProducts -->
