<?xml version="1.0" encoding="UTF-8"?>
<!-- Generated by org.testng.reporters.JUnitReportReporter -->
<testsuite hostname="IslamAminPc" failures="0" tests="2" name="TestCases.TC04_FillCheckoutInformation" time="1.407" errors="0" timestamp="2024-07-23T00:16:23 EEST" skipped="0">
  <testcase classname="TestCases.TC04_FillCheckoutInformation" name="FillInformation" time="1.005"/>
  <testcase classname="TestCases.TC04_FillCheckoutInformation" name="ClickContinuebtn" time="0.402"/>
</testsuite> <!-- TestCases.TC04_FillCheckoutInformation -->
