<?xml version="1.0" encoding="UTF-8"?>
<!-- Generated by org.testng.reporters.JUnitReportReporter -->
<testsuite hostname="IslamAminPc" failures="0" tests="1" name="TestCases.TC01_Login" time="4.102" errors="0" timestamp="2024-07-23T00:16:23 EEST" skipped="0">
  <testcase classname="TestCases.TC01_Login" name="Login" time="4.102"/>
</testsuite> <!-- TestCases.TC01_Login -->
